[myfolio-portfolio-webflow-template.webflow.io/index.html]
[backblue.gif]
[fade.gif]
[index.html]
[cdn.prod.website-files.com/61f03747d8d407ed117df27f/css/myfolio-portfolio-webflow-template.webflow.b43a960bb.css]
[cdn.prod.website-files.com/61f03747d8d407ed117df27f/625985b4587eee2cab065671_Superflow_Logo32px.png]
[cdn.prod.website-files.com/61f03747d8d407ed117df27f/625985b853b8851d98598edd_Superflow_logo 256px.png]
[myfolio-portfolio-webflow-template.webflow.io/projects.html]
[myfolio-portfolio-webflow-template.webflow.io/contact-us.html]
[cdn.prod.website-files.com/61f03747d8d407ed117df27f/61f11c12ccb99e089078fc33_Main Image BG.png]
[cdn.prod.website-files.com/61f03747d8d407ed117df27f/61f1181cd102a28fb5ffae6c_Hero Image.png]
[myfolio-portfolio-webflow-template.webflow.io/project/masterbase-webdesign.html]
[cdn.prod.website-files.com/61f77fc62f2d6f5df4a7a073/62120ad15f6f9cb7d164c6f3_Projects Image 6.jpg]
[myfolio-portfolio-webflow-template.webflow.io/project/aginer-charecture-webdesign-5.html]
[cdn.prod.website-files.com/61f77fc62f2d6f5df4a7a073/62120ac6bd803221a913321d_Projects Image 5.jpg]
[myfolio-portfolio-webflow-template.webflow.io/project/space-webflow-template.html]
[cdn.prod.website-files.com/61f77fc62f2d6f5df4a7a073/62120ab5eefeeca19d60e5e9_Projects Image 4.jpg]
[myfolio-portfolio-webflow-template.webflow.io/project/booster-branding.html]
[cdn.prod.website-files.com/61f77fc62f2d6f5df4a7a073/62120a9f6b4ab8023d3518c1_Projects Image 3.jpg]
[cdn.prod.website-files.com/61f03747d8d407ed117df27f/61f2b7def69cca758061eeb2_About Me Image 2.png]
[cdn.prod.website-files.com/61f03747d8d407ed117df27f/61f2b88db5af7addda9a23e9_About Me Image 1.png]
[cdn.prod.website-files.com/61f03747d8d407ed117df27f/61f2b77c81fa4d83b6c46e6b_About Me Image 3.png]
[cdn.prod.website-files.com/61f03747d8d407ed117df27f/61f2b8599f84a8fc60908bf2_About Me Image 4.png]
[cdn.prod.website-files.com/61f03747d8d407ed117df27f/61f3bec85fc6f68066dc55fa_Client Image 1.png]
[cdn.prod.website-files.com/61f03747d8d407ed117df27f/61f3c04a1f00626ad71c98ef_Client Image 2.png]
[myfolio-portfolio-webflow-template.webflow.io/post/empower-your-users-by-building-cards-with-best-possible.html]
[cdn.prod.website-files.com/61f77fc62f2d6f5df4a7a073/61f7810ad49a53def93cfd03_Blog Thumbnail 1.png]
[myfolio-portfolio-webflow-template.webflow.io/post/how-lance-built-banking-for-freelancers.html]
[cdn.prod.website-files.com/61f77fc62f2d6f5df4a7a073/61f7812339f43709384172ad_Blog Thumbnail 2.png]
[myfolio-portfolio-webflow-template.webflow.io/post/working-with-rudra-was-a-breeze-i-was-impressed.html]
[cdn.prod.website-files.com/61f77fc62f2d6f5df4a7a073/61f78136ef5754db738c8522_Blog Thumbnail 3.png]
[myfolio-portfolio-webflow-template.webflow.io/post/working-with-niloy-was-a-breeze-i-was-impressed.html]
[cdn.prod.website-files.com/61f77fc62f2d6f5df4a7a073/61f7815540feca7a16b78024_Blog Thumbnail 4.png]
[myfolio-portfolio-webflow-template.webflow.io/reference/styleguide.html]
[myfolio-portfolio-webflow-template.webflow.io/reference/licenses.html]
[myfolio-portfolio-webflow-template.webflow.io/reference/changelog.html]
[d3e54v103j8qbb.cloudfront.net/js/jquery-3.5.1.min.dc5e7f18c89b6b.js]
[myfolio-portfolio-webflow-template.webflow.io/index.html]
[cdn.prod.website-files.com/61f03747d8d407ed117df27f/js/webflow.0b1f05381.js]
[uploads-ssl.webflow.com/61f03747d8d407ed117df27f/61f116f06248585a2739061f_Button BG.png]
[cdn.prod.website-files.com/61f03747d8d407ed117df27f/css/myfolio-portfolio-webflow-template.webflow.b43a960bb.css]
[myfolio-portfolio-webflow-template.webflow.io/project/carify-dashbord.html]
[cdn.prod.website-files.com/61f77fc62f2d6f5df4a7a073/62120a7fc23cb9deb7ba712e_Projects Image 1.jpg]
[myfolio-portfolio-webflow-template.webflow.io/project/aginer-charecture-webdesign.html]
[cdn.prod.website-files.com/61f77fc62f2d6f5df4a7a073/62120a93eefeecc5f160e5c4_Projects Image 2.jpg]
[myfolio-portfolio-webflow-template.webflow.io/projects.html]
[uploads-ssl.webflow.com/61f03747d8d407ed117df27f/css/myfolio-portfolio-webflow-template.webflow.b43a960bb.css]
[uploads-ssl.webflow.com/61f03747d8d407ed117df27f/625985b4587eee2cab065671_Superflow_Logo32px.png]
[uploads-ssl.webflow.com/61f03747d8d407ed117df27f/625985b853b8851d98598edd_Superflow_logo 256px.png]
[uploads-ssl.webflow.com/61f03747d8d407ed117df27f/61f3bec85fc6f68066dc55fa_Client Image 1.png]
[uploads-ssl.webflow.com/61f03747d8d407ed117df27f/61f3c04a1f00626ad71c98ef_Client Image 2.png]
[myfolio-portfolio-webflow-template.webflow.io/contact-us.html]
[myfolio-portfolio-webflow-template.webflow.io/project/masterbase-webdesign.html]
[myfolio-portfolio-webflow-template.webflow.io/project/aginer-charecture-webdesign-5.html]
[myfolio-portfolio-webflow-template.webflow.io/project/space-webflow-template.html]
[myfolio-portfolio-webflow-template.webflow.io/project/booster-branding.html]
[myfolio-portfolio-webflow-template.webflow.io/post/empower-your-users-by-building-cards-with-best-possible.html]
[myfolio-portfolio-webflow-template.webflow.io/post/how-lance-built-banking-for-freelancers.html]
[myfolio-portfolio-webflow-template.webflow.io/post/working-with-rudra-was-a-breeze-i-was-impressed.html]
[myfolio-portfolio-webflow-template.webflow.io/post/working-with-niloy-was-a-breeze-i-was-impressed.html]
[myfolio-portfolio-webflow-template.webflow.io/reference/styleguide.html]
[myfolio-portfolio-webflow-template.webflow.io/reference/licenses.html]
[myfolio-portfolio-webflow-template.webflow.io/reference/changelog.html]
[myfolio-portfolio-webflow-template.webflow.io/project/carify-dashbord.html]
[myfolio-portfolio-webflow-template.webflow.io/project/aginer-charecture-webdesign.html]
[uploads-ssl.webflow.com/61f03747d8d407ed117df27f/css/myfolio-portfolio-webflow-template.webflow.b43a960bb.css]
[uploads-ssl.webflow.com/61f03747d8d407ed117df27f/js/webflow.0b1f05381.js]
